<?xml version="1.0" encoding="UTF-8"?>
<testng-results ignored="0" total="1" passed="1" failed="0" skipped="0">
  <reporter-output>
  </reporter-output>
  <suite started-at="2022-12-14T14:44:10 IST" name="Default suite" finished-at="2022-12-14T14:44:14 IST" duration-ms="4260">
    <groups>
    </groups>
    <test started-at="2022-12-14T14:44:10 IST" name="Default test" finished-at="2022-12-14T14:44:14 IST" duration-ms="4260">
      <class name="restassuredTests.Delete_RequestDemo">
        <test-method signature="delete_User()[pri:0, instance:restassuredTests.Delete_RequestDemo@4229bb3f]" started-at="2022-12-14T14:44:10 IST" name="delete_User" finished-at="2022-12-14T14:44:14 IST" duration-ms="4204" status="PASS">
          <reporter-output>
          </reporter-output>
        </test-method> <!-- delete_User -->
      </class> <!-- restassuredTests.Delete_RequestDemo -->
    </test> <!-- Default test -->
  </suite> <!-- Default suite -->
</testng-results>
